#! c:/iverilog-x64/bin/vvp
:ivl_version "10.1 (stable)" "(v10_1_1)";
:ivl_delay_selection "TYPICAL";
:vpi_time_precision + 0;
:vpi_module "system";
:vpi_module "vhdl_sys";
:vpi_module "v2005_math";
:vpi_module "va_math";
S_00000000027e9d20 .scope module, "ALUio" "ALUio" 2 4;
 .timescale 0 0;
    .port_info 0 /OUTPUT 32 "result"
    .port_info 1 /OUTPUT 1 "N"
    .port_info 2 /OUTPUT 1 "Zero"
    .port_info 3 /OUTPUT 1 "C"
    .port_info 4 /OUTPUT 1 "V"
    .port_info 5 /INPUT 32 "A"
    .port_info 6 /INPUT 32 "B"
    .port_info 7 /INPUT 1 "MuxD0"
    .port_info 8 /INPUT 1 "Clk"
    .port_info 9 /INPUT 1 "Load"
    .port_info 10 /INPUT 1 "carry"
    .port_info 11 /INPUT 5 "sel_alu"
    .port_info 12 /INPUT 5 "sel_cu"
o00000000027ea108 .functor BUFZ 32, C4<zzzzzzzzzzzzzzzzzzzzzzzzzzzzzzzz>; HiZ drive
v00000000028421c0_0 .net "A", 31 0, o00000000027ea108;  0 drivers
o00000000027ea138 .functor BUFZ 32, C4<zzzzzzzzzzzzzzzzzzzzzzzzzzzzzzzz>; HiZ drive
v0000000002842800_0 .net "B", 31 0, o00000000027ea138;  0 drivers
v0000000002842760_0 .net "C", 0 0, v0000000002842b20_0;  1 drivers
v0000000002842da0_0 .net "C_", 0 0, v00000000027babe0_0;  1 drivers
o00000000027ea4f8 .functor BUFZ 1, C4<z>; HiZ drive
v0000000002842300_0 .net "Clk", 0 0, o00000000027ea4f8;  0 drivers
o00000000027ea528 .functor BUFZ 1, C4<z>; HiZ drive
v00000000028428a0_0 .net "Load", 0 0, o00000000027ea528;  0 drivers
o00000000027ea018 .functor BUFZ 1, C4<z>; HiZ drive
v0000000002843f90_0 .net "MuxD0", 0 0, o00000000027ea018;  0 drivers
v0000000002844b70_0 .net "N", 0 0, v0000000002842120_0;  1 drivers
v0000000002844350_0 .net "N_", 0 0, v0000000002842bc0_0;  1 drivers
v0000000002844170_0 .net "V", 0 0, v0000000002842d00_0;  1 drivers
v0000000002844cb0_0 .net "V_", 0 0, v00000000028424e0_0;  1 drivers
v0000000002843130_0 .net "Zero", 0 0, v0000000002842a80_0;  1 drivers
v0000000002843630_0 .net "Zero_", 0 0, v0000000002842620_0;  1 drivers
o00000000027ea198 .functor BUFZ 1, C4<z>; HiZ drive
v0000000002844df0_0 .net "carry", 0 0, o00000000027ea198;  0 drivers
v0000000002843d10_0 .net "result", 31 0, v00000000028426c0_0;  1 drivers
v0000000002844530_0 .net "sel", 4 0, v00000000027c93e0_0;  1 drivers
o00000000027e9f88 .functor BUFZ 5, C4<zzzzz>; HiZ drive
v00000000028434f0_0 .net "sel_alu", 4 0, o00000000027e9f88;  0 drivers
o00000000027e9fb8 .functor BUFZ 5, C4<zzzzz>; HiZ drive
v0000000002843e50_0 .net "sel_cu", 4 0, o00000000027e9fb8;  0 drivers
S_00000000027c9260 .scope module, "MuxD" "MUX2x1_5bits2" 2 8, 3 42 0, S_00000000027e9d20;
 .timescale 0 0;
    .port_info 0 /INPUT 1 "s0"
    .port_info 1 /INPUT 5 "in0"
    .port_info 2 /INPUT 5 "in1"
    .port_info 3 /OUTPUT 5 "out"
v00000000027b5c90_0 .net "in0", 4 0, o00000000027e9f88;  alias, 0 drivers
v00000000027b7470_0 .net "in1", 4 0, o00000000027e9fb8;  alias, 0 drivers
v00000000027c93e0_0 .var "out", 4 0;
v00000000027c9480_0 .net "s0", 0 0, o00000000027ea018;  alias, 0 drivers
E_00000000027e23d0 .event edge, v00000000027c9480_0, v00000000027b5c90_0, v00000000027b7470_0;
S_00000000027ba9c0 .scope module, "alu" "ALU" 2 10, 4 3 0, S_00000000027e9d20;
 .timescale 0 0;
    .port_info 0 /OUTPUT 32 "result"
    .port_info 1 /OUTPUT 1 "N"
    .port_info 2 /OUTPUT 1 "Zero"
    .port_info 3 /OUTPUT 1 "C"
    .port_info 4 /OUTPUT 1 "V"
    .port_info 5 /INPUT 32 "A"
    .port_info 6 /INPUT 32 "B"
    .port_info 7 /INPUT 1 "Carry"
    .port_info 8 /INPUT 5 "sel"
v00000000027c95c0_0 .net "A", 31 0, o00000000027ea108;  alias, 0 drivers
v00000000027bab40_0 .net "B", 31 0, o00000000027ea138;  alias, 0 drivers
v00000000027babe0_0 .var "C", 0 0;
v0000000002842940_0 .net "Carry", 0 0, o00000000027ea198;  alias, 0 drivers
v0000000002842bc0_0 .var "N", 0 0;
v00000000028424e0_0 .var "V", 0 0;
v0000000002842620_0 .var "Zero", 0 0;
v00000000028423a0_0 .var "keep_sign_on_ovfl", 0 0;
v0000000002842e40_0 .var "original_sign", 0 0;
v00000000028426c0_0 .var "result", 31 0;
v0000000002842260_0 .net "sel", 4 0, v00000000027c93e0_0;  alias, 1 drivers
v0000000002842c60_0 .var "set_ovlf", 0 0;
E_00000000027e1d50/0 .event edge, v00000000027c93e0_0, v00000000027c95c0_0, v00000000027bab40_0, v0000000002842940_0;
E_00000000027e1d50/1 .event edge, v00000000028426c0_0, v00000000028423a0_0, v0000000002842e40_0, v0000000002842c60_0;
E_00000000027e1d50 .event/or E_00000000027e1d50/0, E_00000000027e1d50/1;
S_00000000027bac80 .scope module, "psr" "PSR2" 2 13, 3 57 0, S_00000000027e9d20;
 .timescale 0 0;
    .port_info 0 /OUTPUT 1 "N"
    .port_info 1 /OUTPUT 1 "Zero"
    .port_info 2 /OUTPUT 1 "C"
    .port_info 3 /OUTPUT 1 "V"
    .port_info 4 /INPUT 1 "Nin"
    .port_info 5 /INPUT 1 "Zin"
    .port_info 6 /INPUT 1 "Cin"
    .port_info 7 /INPUT 1 "Vin"
    .port_info 8 /INPUT 1 "Clk"
    .port_info 9 /INPUT 1 "Ld"
v0000000002842b20_0 .var "C", 0 0;
v0000000002842580_0 .net "Cin", 0 0, v00000000027babe0_0;  alias, 1 drivers
v0000000002842ee0_0 .net "Clk", 0 0, o00000000027ea4f8;  alias, 0 drivers
v0000000002842f80_0 .net "Ld", 0 0, o00000000027ea528;  alias, 0 drivers
v0000000002842120_0 .var "N", 0 0;
v0000000002842080_0 .net "Nin", 0 0, v0000000002842bc0_0;  alias, 1 drivers
v0000000002842d00_0 .var "V", 0 0;
v00000000028429e0_0 .net "Vin", 0 0, v00000000028424e0_0;  alias, 1 drivers
v0000000002842a80_0 .var "Zero", 0 0;
v0000000002842440_0 .net "Zin", 0 0, v0000000002842620_0;  alias, 1 drivers
E_00000000027e1a90 .event posedge, v0000000002842ee0_0;
S_00000000027b7170 .scope module, "Register2" "Register2" 3 1;
 .timescale 0 0;
    .port_info 0 /INPUT 32 "Ds"
    .port_info 1 /INPUT 1 "Clk"
    .port_info 2 /INPUT 1 "Load"
    .port_info 3 /OUTPUT 32 "Qs"
o00000000027eaa38 .functor BUFZ 1, C4<z>; HiZ drive
v00000000028431d0_0 .net "Clk", 0 0, o00000000027eaa38;  0 drivers
o00000000027eaa68 .functor BUFZ 32, C4<zzzzzzzzzzzzzzzzzzzzzzzzzzzzzzzz>; HiZ drive
v0000000002844850_0 .net "Ds", 31 0, o00000000027eaa68;  0 drivers
o00000000027eaa98 .functor BUFZ 1, C4<z>; HiZ drive
v0000000002844210_0 .net "Load", 0 0, o00000000027eaa98;  0 drivers
v0000000002843450_0 .var "Qs", 31 0;
E_00000000027e21d0 .event posedge, v0000000002844210_0, v00000000028431d0_0;
S_00000000027b72f0 .scope module, "mux_2x1_4b2" "mux_2x1_4b2" 3 18;
 .timescale 0 0;
    .port_info 0 /OUTPUT 4 "exit"
    .port_info 1 /INPUT 1 "sel"
    .port_info 2 /INPUT 4 "in0"
    .port_info 3 /INPUT 4 "in1"
v0000000002844030_0 .var "exit", 3 0;
o00000000027eabe8 .functor BUFZ 4, C4<zzzz>; HiZ drive
v0000000002843c70_0 .net "in0", 3 0, o00000000027eabe8;  0 drivers
o00000000027eac18 .functor BUFZ 4, C4<zzzz>; HiZ drive
v0000000002843ef0_0 .net "in1", 3 0, o00000000027eac18;  0 drivers
o00000000027eac48 .functor BUFZ 1, C4<z>; HiZ drive
v0000000002843270_0 .net "sel", 0 0, o00000000027eac48;  0 drivers
E_00000000027e1e90 .event edge, v0000000002843270_0, v0000000002843c70_0, v0000000002843ef0_0;
S_00000000027b5990 .scope module, "mux_2x1_5b2" "mux_2x1_5b2" 3 8;
 .timescale 0 0;
    .port_info 0 /OUTPUT 5 "exit"
    .port_info 1 /INPUT 1 "sel"
    .port_info 2 /INPUT 5 "in0"
    .port_info 3 /INPUT 5 "in1"
v0000000002844990_0 .var "exit", 4 0;
o00000000027ead68 .functor BUFZ 5, C4<zzzzz>; HiZ drive
v00000000028448f0_0 .net "in0", 4 0, o00000000027ead68;  0 drivers
o00000000027ead98 .functor BUFZ 5, C4<zzzzz>; HiZ drive
v0000000002843590_0 .net "in1", 4 0, o00000000027ead98;  0 drivers
o00000000027eadc8 .functor BUFZ 1, C4<z>; HiZ drive
v0000000002843db0_0 .net "sel", 0 0, o00000000027eadc8;  0 drivers
E_00000000027e1e50 .event edge, v0000000002843db0_0, v00000000028448f0_0, v0000000002843590_0;
S_00000000027b5b10 .scope module, "mux_4x1_4b2" "mux_4x1_4b2" 3 29;
 .timescale 0 0;
    .port_info 0 /OUTPUT 4 "exit"
    .port_info 1 /INPUT 2 "sel"
    .port_info 2 /INPUT 4 "in0"
    .port_info 3 /INPUT 4 "in1"
    .port_info 4 /INPUT 4 "in2"
    .port_info 5 /INPUT 4 "in3"
v0000000002843bd0_0 .var "exit", 3 0;
o00000000027eaee8 .functor BUFZ 4, C4<zzzz>; HiZ drive
v0000000002843310_0 .net "in0", 3 0, o00000000027eaee8;  0 drivers
o00000000027eaf18 .functor BUFZ 4, C4<zzzz>; HiZ drive
v0000000002843770_0 .net "in1", 3 0, o00000000027eaf18;  0 drivers
o00000000027eaf48 .functor BUFZ 4, C4<zzzz>; HiZ drive
v0000000002843950_0 .net "in2", 3 0, o00000000027eaf48;  0 drivers
o00000000027eaf78 .functor BUFZ 4, C4<zzzz>; HiZ drive
v00000000028440d0_0 .net "in3", 3 0, o00000000027eaf78;  0 drivers
o00000000027eafa8 .functor BUFZ 2, C4<zz>; HiZ drive
v00000000028436d0_0 .net "sel", 1 0, o00000000027eafa8;  0 drivers
E_00000000027e2550/0 .event edge, v00000000028436d0_0, v0000000002843310_0, v0000000002843770_0, v0000000002843950_0;
E_00000000027e2550/1 .event edge, v00000000028440d0_0;
E_00000000027e2550 .event/or E_00000000027e2550/0, E_00000000027e2550/1;
    .scope S_00000000027c9260;
T_0 ;
    %wait E_00000000027e23d0;
    %load/vec4 v00000000027c9480_0;
    %dup/vec4;
    %pushi/vec4 0, 0, 1;
    %cmp/u;
    %jmp/1 T_0.0, 6;
    %dup/vec4;
    %pushi/vec4 1, 0, 1;
    %cmp/u;
    %jmp/1 T_0.1, 6;
    %jmp T_0.2;
T_0.0 ;
    %pushi/vec4 0, 0, 1;
    %ix/load 4, 4, 0;
    %ix/load 5, 0, 0;
    %flag_set/imm 4, 0;
    %assign/vec4/off/d v00000000027c93e0_0, 4, 5;
    %load/vec4 v00000000027b5c90_0;
    %assign/vec4 v00000000027c93e0_0, 0;
    %jmp T_0.2;
T_0.1 ;
    %load/vec4 v00000000027b7470_0;
    %assign/vec4 v00000000027c93e0_0, 0;
    %jmp T_0.2;
T_0.2 ;
    %pop/vec4 1;
    %jmp T_0;
    .thread T_0, $push;
    .scope S_00000000027ba9c0;
T_1 ;
    %wait E_00000000027e1d50;
    %pushi/vec4 0, 0, 1;
    %store/vec4 v00000000027babe0_0, 0, 1;
    %load/vec4 v0000000002842260_0;
    %dup/vec4;
    %pushi/vec4 0, 0, 5;
    %cmp/u;
    %jmp/1 T_1.0, 6;
    %dup/vec4;
    %pushi/vec4 1, 0, 5;
    %cmp/u;
    %jmp/1 T_1.1, 6;
    %dup/vec4;
    %pushi/vec4 2, 0, 5;
    %cmp/u;
    %jmp/1 T_1.2, 6;
    %dup/vec4;
    %pushi/vec4 3, 0, 5;
    %cmp/u;
    %jmp/1 T_1.3, 6;
    %dup/vec4;
    %pushi/vec4 4, 0, 5;
    %cmp/u;
    %jmp/1 T_1.4, 6;
    %dup/vec4;
    %pushi/vec4 5, 0, 5;
    %cmp/u;
    %jmp/1 T_1.5, 6;
    %dup/vec4;
    %pushi/vec4 6, 0, 5;
    %cmp/u;
    %jmp/1 T_1.6, 6;
    %dup/vec4;
    %pushi/vec4 7, 0, 5;
    %cmp/u;
    %jmp/1 T_1.7, 6;
    %dup/vec4;
    %pushi/vec4 8, 0, 5;
    %cmp/u;
    %jmp/1 T_1.8, 6;
    %dup/vec4;
    %pushi/vec4 9, 0, 5;
    %cmp/u;
    %jmp/1 T_1.9, 6;
    %dup/vec4;
    %pushi/vec4 10, 0, 5;
    %cmp/u;
    %jmp/1 T_1.10, 6;
    %dup/vec4;
    %pushi/vec4 11, 0, 5;
    %cmp/u;
    %jmp/1 T_1.11, 6;
    %dup/vec4;
    %pushi/vec4 12, 0, 5;
    %cmp/u;
    %jmp/1 T_1.12, 6;
    %dup/vec4;
    %pushi/vec4 13, 0, 5;
    %cmp/u;
    %jmp/1 T_1.13, 6;
    %dup/vec4;
    %pushi/vec4 14, 0, 5;
    %cmp/u;
    %jmp/1 T_1.14, 6;
    %dup/vec4;
    %pushi/vec4 15, 0, 5;
    %cmp/u;
    %jmp/1 T_1.15, 6;
    %dup/vec4;
    %pushi/vec4 16, 0, 5;
    %cmp/u;
    %jmp/1 T_1.16, 6;
    %dup/vec4;
    %pushi/vec4 17, 0, 5;
    %cmp/u;
    %jmp/1 T_1.17, 6;
    %dup/vec4;
    %pushi/vec4 18, 0, 5;
    %cmp/u;
    %jmp/1 T_1.18, 6;
    %load/vec4 v00000000027c95c0_0;
    %assign/vec4 v00000000028426c0_0, 0;
    %jmp T_1.20;
T_1.0 ;
    %load/vec4 v00000000027c95c0_0;
    %load/vec4 v00000000027bab40_0;
    %and;
    %assign/vec4 v00000000028426c0_0, 0;
    %jmp T_1.20;
T_1.1 ;
    %load/vec4 v00000000027c95c0_0;
    %load/vec4 v00000000027bab40_0;
    %nor/r;
    %pad/u 32;
    %and;
    %load/vec4 v00000000027c95c0_0;
    %nor/r;
    %pad/u 32;
    %load/vec4 v00000000027bab40_0;
    %and;
    %or;
    %assign/vec4 v00000000028426c0_0, 0;
    %jmp T_1.20;
T_1.2 ;
    %pushi/vec4 0, 0, 1;
    %load/vec4 v00000000027c95c0_0;
    %concat/vec4; draw_concat_vec4
    %pushi/vec4 0, 0, 1;
    %load/vec4 v00000000027bab40_0;
    %concat/vec4; draw_concat_vec4
    %sub;
    %split/vec4 32;
    %assign/vec4 v00000000028426c0_0, 0;
    %assign/vec4 v00000000027babe0_0, 0;
    %jmp T_1.20;
T_1.3 ;
    %pushi/vec4 0, 0, 1;
    %load/vec4 v00000000027bab40_0;
    %concat/vec4; draw_concat_vec4
    %pushi/vec4 0, 0, 1;
    %load/vec4 v00000000027c95c0_0;
    %concat/vec4; draw_concat_vec4
    %sub;
    %split/vec4 32;
    %assign/vec4 v00000000028426c0_0, 0;
    %assign/vec4 v00000000027babe0_0, 0;
    %jmp T_1.20;
T_1.4 ;
    %load/vec4 v00000000027c95c0_0;
    %pad/u 33;
    %load/vec4 v00000000027bab40_0;
    %pad/u 33;
    %add;
    %split/vec4 32;
    %assign/vec4 v00000000028426c0_0, 0;
    %assign/vec4 v00000000027babe0_0, 0;
    %jmp T_1.20;
T_1.5 ;
    %load/vec4 v00000000027c95c0_0;
    %cmpi/e 4294967295, 0, 32;
    %flag_mov 8, 4;
    %load/vec4 v00000000027bab40_0;
    %cmpi/e 4294967295, 0, 32;
    %flag_or 4, 8;
    %jmp/0xz  T_1.21, 4;
    %load/vec4 v00000000027c95c0_0;
    %load/vec4 v00000000027bab40_0;
    %add;
    %load/vec4 v0000000002842940_0;
    %pad/u 32;
    %add;
    %assign/vec4 v00000000028426c0_0, 0;
    %pushi/vec4 0, 0, 1;
    %store/vec4 v00000000027babe0_0, 0, 1;
    %jmp T_1.22;
T_1.21 ;
    %load/vec4 v00000000027c95c0_0;
    %pad/u 33;
    %load/vec4 v00000000027bab40_0;
    %pad/u 33;
    %add;
    %load/vec4 v0000000002842940_0;
    %pad/u 33;
    %add;
    %split/vec4 32;
    %assign/vec4 v00000000028426c0_0, 0;
    %assign/vec4 v00000000027babe0_0, 0;
T_1.22 ;
    %jmp T_1.20;
T_1.6 ;
    %load/vec4 v00000000027c95c0_0;
    %cmpi/e 4294967295, 0, 32;
    %flag_mov 8, 4;
    %load/vec4 v00000000027bab40_0;
    %cmpi/e 4294967295, 0, 32;
    %flag_or 4, 8;
    %jmp/0xz  T_1.23, 4;
    %load/vec4 v00000000027c95c0_0;
    %load/vec4 v00000000027bab40_0;
    %sub;
    %load/vec4 v0000000002842940_0;
    %nor/r;
    %pad/u 32;
    %sub;
    %assign/vec4 v00000000028426c0_0, 0;
    %pushi/vec4 0, 0, 1;
    %store/vec4 v00000000027babe0_0, 0, 1;
    %jmp T_1.24;
T_1.23 ;
    %pushi/vec4 0, 0, 1;
    %load/vec4 v00000000027c95c0_0;
    %concat/vec4; draw_concat_vec4
    %pushi/vec4 0, 0, 1;
    %load/vec4 v00000000027bab40_0;
    %concat/vec4; draw_concat_vec4
    %sub;
    %load/vec4 v0000000002842940_0;
    %nor/r;
    %pad/u 33;
    %sub;
    %split/vec4 32;
    %assign/vec4 v00000000028426c0_0, 0;
    %assign/vec4 v00000000027babe0_0, 0;
T_1.24 ;
    %jmp T_1.20;
T_1.7 ;
    %load/vec4 v00000000027c95c0_0;
    %cmpi/e 4294967295, 0, 32;
    %flag_mov 8, 4;
    %load/vec4 v00000000027bab40_0;
    %cmpi/e 4294967295, 0, 32;
    %flag_or 4, 8;
    %jmp/0xz  T_1.25, 4;
    %load/vec4 v00000000027bab40_0;
    %load/vec4 v00000000027c95c0_0;
    %sub;
    %load/vec4 v0000000002842940_0;
    %nor/r;
    %pad/u 32;
    %sub;
    %assign/vec4 v00000000028426c0_0, 0;
    %pushi/vec4 0, 0, 1;
    %store/vec4 v00000000027babe0_0, 0, 1;
    %jmp T_1.26;
T_1.25 ;
    %pushi/vec4 0, 0, 1;
    %load/vec4 v00000000027bab40_0;
    %concat/vec4; draw_concat_vec4
    %pushi/vec4 0, 0, 1;
    %load/vec4 v00000000027c95c0_0;
    %concat/vec4; draw_concat_vec4
    %sub;
    %load/vec4 v0000000002842940_0;
    %nor/r;
    %pad/u 33;
    %sub;
    %split/vec4 32;
    %assign/vec4 v00000000028426c0_0, 0;
    %assign/vec4 v00000000027babe0_0, 0;
T_1.26 ;
    %jmp T_1.20;
T_1.8 ;
    %load/vec4 v00000000027c95c0_0;
    %load/vec4 v00000000027bab40_0;
    %and;
    %assign/vec4 v00000000028426c0_0, 0;
    %jmp T_1.20;
T_1.9 ;
    %load/vec4 v00000000027c95c0_0;
    %load/vec4 v00000000027bab40_0;
    %xor/r;
    %pad/u 32;
    %xor;
    %assign/vec4 v00000000028426c0_0, 0;
    %jmp T_1.20;
T_1.10 ;
    %pushi/vec4 0, 0, 1;
    %load/vec4 v00000000027c95c0_0;
    %concat/vec4; draw_concat_vec4
    %pushi/vec4 0, 0, 1;
    %load/vec4 v00000000027bab40_0;
    %concat/vec4; draw_concat_vec4
    %sub;
    %split/vec4 32;
    %assign/vec4 v00000000028426c0_0, 0;
    %assign/vec4 v00000000027babe0_0, 0;
    %jmp T_1.20;
T_1.11 ;
    %load/vec4 v00000000027c95c0_0;
    %pad/u 33;
    %load/vec4 v00000000027bab40_0;
    %pad/u 33;
    %add;
    %split/vec4 32;
    %assign/vec4 v00000000028426c0_0, 0;
    %assign/vec4 v00000000027babe0_0, 0;
    %jmp T_1.20;
T_1.12 ;
    %load/vec4 v00000000027c95c0_0;
    %load/vec4 v00000000027bab40_0;
    %or;
    %assign/vec4 v00000000028426c0_0, 0;
    %jmp T_1.20;
T_1.13 ;
    %load/vec4 v00000000027bab40_0;
    %assign/vec4 v00000000028426c0_0, 0;
    %jmp T_1.20;
T_1.14 ;
    %load/vec4 v00000000027c95c0_0;
    %load/vec4 v00000000027bab40_0;
    %nor/r;
    %pad/u 32;
    %and;
    %assign/vec4 v00000000028426c0_0, 0;
    %jmp T_1.20;
T_1.15 ;
    %load/vec4 v00000000027bab40_0;
    %nor/r;
    %pad/u 32;
    %assign/vec4 v00000000028426c0_0, 0;
    %jmp T_1.20;
T_1.16 ;
    %load/vec4 v00000000027c95c0_0;
    %assign/vec4 v00000000028426c0_0, 0;
    %jmp T_1.20;
T_1.17 ;
    %load/vec4 v00000000027c95c0_0;
    %addi 4, 0, 32;
    %assign/vec4 v00000000028426c0_0, 0;
    %jmp T_1.20;
T_1.18 ;
    %load/vec4 v00000000027c95c0_0;
    %load/vec4 v00000000027bab40_0;
    %add;
    %addi 4, 0, 32;
    %assign/vec4 v00000000028426c0_0, 0;
    %jmp T_1.20;
T_1.20 ;
    %pop/vec4 1;
    %load/vec4 v0000000002842260_0;
    %pad/u 32;
    %cmpi/e 11, 0, 32;
    %flag_mov 8, 4;
    %load/vec4 v0000000002842260_0;
    %pad/u 32;
    %cmpi/e 111, 0, 32;
    %flag_or 4, 8;
    %flag_mov 8, 4;
    %jmp/0 T_1.27, 8;
    %load/vec4 v00000000027c95c0_0;
    %parti/s 1, 31, 6;
    %jmp/1 T_1.28, 8;
T_1.27 ; End of true expr.
    %load/vec4 v00000000027bab40_0;
    %parti/s 1, 31, 6;
    %jmp/0 T_1.28, 8;
 ; End of false expr.
    %blend;
T_1.28;
    %store/vec4 v0000000002842e40_0, 0, 1;
    %load/vec4 v0000000002842260_0;
    %pushi/vec4 2, 0, 5;
    %cmp/e;
    %flag_get/vec4 4;
    %load/vec4 v0000000002842260_0;
    %pushi/vec4 3, 0, 5;
    %cmp/e;
    %flag_get/vec4 4;
    %or;
    %load/vec4 v0000000002842260_0;
    %pushi/vec4 6, 0, 5;
    %cmp/e;
    %flag_get/vec4 4;
    %or;
    %load/vec4 v0000000002842260_0;
    %pushi/vec4 7, 0, 5;
    %cmp/e;
    %flag_get/vec4 4;
    %or;
    %load/vec4 v0000000002842260_0;
    %pushi/vec4 10, 0, 5;
    %cmp/e;
    %flag_get/vec4 4;
    %or;
    %load/vec4 v00000000027c95c0_0;
    %parti/s 1, 31, 6;
    %load/vec4 v00000000027bab40_0;
    %parti/s 1, 31, 6;
    %cmp/e;
    %flag_get/vec4 4;
    %inv;
    %and;
    %load/vec4 v0000000002842260_0;
    %pushi/vec4 4, 0, 5;
    %cmp/e;
    %flag_get/vec4 4;
    %load/vec4 v0000000002842260_0;
    %pushi/vec4 5, 0, 5;
    %cmp/e;
    %flag_get/vec4 4;
    %or;
    %load/vec4 v0000000002842260_0;
    %pushi/vec4 11, 0, 5;
    %cmp/e;
    %flag_get/vec4 4;
    %or;
    %load/vec4 v0000000002842260_0;
    %pushi/vec4 18, 0, 5;
    %cmp/e;
    %flag_get/vec4 4;
    %or;
    %load/vec4 v0000000002842260_0;
    %pad/u 32;
    %pushi/vec4 10001, 0, 32;
    %cmp/e;
    %flag_get/vec4 4;
    %or;
    %load/vec4 v00000000027c95c0_0;
    %parti/s 1, 31, 6;
    %load/vec4 v00000000027bab40_0;
    %parti/s 1, 31, 6;
    %cmp/e;
    %flag_get/vec4 4;
    %and;
    %or;
    %assign/vec4 v00000000028423a0_0, 0;
    %load/vec4 v00000000028426c0_0;
    %parti/s 1, 31, 6;
    %load/vec4 v00000000028423a0_0;
    %load/vec4 v0000000002842e40_0;
    %load/vec4 v00000000028426c0_0;
    %parti/s 1, 31, 6;
    %cmp/e;
    %flag_get/vec4 4;
    %inv;
    %and;
    %xor;
    %store/vec4 v0000000002842bc0_0, 0, 1;
    %load/vec4 v00000000028426c0_0;
    %cmpi/e 0, 0, 32;
    %flag_mov 8, 4;
    %jmp/0 T_1.29, 8;
    %pushi/vec4 1, 0, 1;
    %jmp/1 T_1.30, 8;
T_1.29 ; End of true expr.
    %pushi/vec4 0, 0, 1;
    %jmp/0 T_1.30, 8;
 ; End of false expr.
    %blend;
T_1.30;
    %store/vec4 v0000000002842620_0, 0, 1;
    %load/vec4 v0000000002842260_0;
    %pushi/vec4 2, 0, 5;
    %cmp/e;
    %flag_get/vec4 4;
    %load/vec4 v0000000002842260_0;
    %pushi/vec4 3, 0, 5;
    %cmp/e;
    %flag_get/vec4 4;
    %or;
    %load/vec4 v0000000002842260_0;
    %pushi/vec4 6, 0, 5;
    %cmp/e;
    %flag_get/vec4 4;
    %or;
    %load/vec4 v0000000002842260_0;
    %pushi/vec4 7, 0, 5;
    %cmp/e;
    %flag_get/vec4 4;
    %or;
    %load/vec4 v0000000002842260_0;
    %pushi/vec4 10, 0, 5;
    %cmp/e;
    %flag_get/vec4 4;
    %or;
    %load/vec4 v00000000027c95c0_0;
    %parti/s 1, 31, 6;
    %load/vec4 v00000000027bab40_0;
    %parti/s 1, 31, 6;
    %cmp/e;
    %flag_get/vec4 4;
    %inv;
    %and;
    %load/vec4 v0000000002842260_0;
    %pushi/vec4 4, 0, 5;
    %cmp/e;
    %flag_get/vec4 4;
    %load/vec4 v0000000002842260_0;
    %pushi/vec4 5, 0, 5;
    %cmp/e;
    %flag_get/vec4 4;
    %or;
    %load/vec4 v0000000002842260_0;
    %pushi/vec4 11, 0, 5;
    %cmp/e;
    %flag_get/vec4 4;
    %or;
    %load/vec4 v0000000002842260_0;
    %pushi/vec4 17, 0, 5;
    %cmp/e;
    %flag_get/vec4 4;
    %or;
    %load/vec4 v0000000002842260_0;
    %pushi/vec4 18, 0, 5;
    %cmp/e;
    %flag_get/vec4 4;
    %or;
    %load/vec4 v00000000027c95c0_0;
    %parti/s 1, 31, 6;
    %load/vec4 v00000000027bab40_0;
    %parti/s 1, 31, 6;
    %cmp/e;
    %flag_get/vec4 4;
    %and;
    %or;
    %assign/vec4 v0000000002842c60_0, 0;
    %load/vec4 v0000000002842c60_0;
    %load/vec4 v0000000002842e40_0;
    %load/vec4 v00000000028426c0_0;
    %parti/s 1, 31, 6;
    %cmp/e;
    %flag_get/vec4 4;
    %inv;
    %and;
    %store/vec4 v00000000028424e0_0, 0, 1;
    %jmp T_1;
    .thread T_1, $push;
    .scope S_00000000027bac80;
T_2 ;
    %pushi/vec4 0, 0, 1;
    %assign/vec4 v0000000002842120_0, 0;
    %end;
    .thread T_2;
    .scope S_00000000027bac80;
T_3 ;
    %pushi/vec4 0, 0, 1;
    %assign/vec4 v0000000002842a80_0, 0;
    %end;
    .thread T_3;
    .scope S_00000000027bac80;
T_4 ;
    %pushi/vec4 0, 0, 1;
    %assign/vec4 v0000000002842b20_0, 0;
    %end;
    .thread T_4;
    .scope S_00000000027bac80;
T_5 ;
    %pushi/vec4 0, 0, 1;
    %assign/vec4 v0000000002842d00_0, 0;
    %end;
    .thread T_5;
    .scope S_00000000027bac80;
T_6 ;
    %wait E_00000000027e1a90;
    %load/vec4 v0000000002842f80_0;
    %flag_set/vec4 8;
    %jmp/0xz  T_6.0, 8;
    %load/vec4 v0000000002842080_0;
    %assign/vec4 v0000000002842120_0, 0;
    %load/vec4 v0000000002842440_0;
    %assign/vec4 v0000000002842a80_0, 0;
    %load/vec4 v0000000002842580_0;
    %assign/vec4 v0000000002842b20_0, 0;
    %load/vec4 v00000000028429e0_0;
    %assign/vec4 v0000000002842d00_0, 0;
T_6.0 ;
    %jmp T_6;
    .thread T_6;
    .scope S_00000000027b7170;
T_7 ;
    %pushi/vec4 0, 0, 32;
    %assign/vec4 v0000000002843450_0, 0;
    %end;
    .thread T_7;
    .scope S_00000000027b7170;
T_8 ;
    %wait E_00000000027e21d0;
    %load/vec4 v0000000002844850_0;
    %assign/vec4 v0000000002843450_0, 0;
    %jmp T_8;
    .thread T_8;
    .scope S_00000000027b72f0;
T_9 ;
    %wait E_00000000027e1e90;
    %load/vec4 v0000000002843270_0;
    %dup/vec4;
    %pushi/vec4 0, 0, 1;
    %cmp/u;
    %jmp/1 T_9.0, 6;
    %dup/vec4;
    %pushi/vec4 1, 0, 1;
    %cmp/u;
    %jmp/1 T_9.1, 6;
    %jmp T_9.2;
T_9.0 ;
    %load/vec4 v0000000002843c70_0;
    %assign/vec4 v0000000002844030_0, 0;
    %jmp T_9.2;
T_9.1 ;
    %load/vec4 v0000000002843ef0_0;
    %assign/vec4 v0000000002844030_0, 0;
    %jmp T_9.2;
T_9.2 ;
    %pop/vec4 1;
    %jmp T_9;
    .thread T_9, $push;
    .scope S_00000000027b5990;
T_10 ;
    %wait E_00000000027e1e50;
    %load/vec4 v0000000002843db0_0;
    %dup/vec4;
    %pushi/vec4 0, 0, 1;
    %cmp/u;
    %jmp/1 T_10.0, 6;
    %dup/vec4;
    %pushi/vec4 1, 0, 1;
    %cmp/u;
    %jmp/1 T_10.1, 6;
    %jmp T_10.2;
T_10.0 ;
    %load/vec4 v00000000028448f0_0;
    %assign/vec4 v0000000002844990_0, 0;
    %jmp T_10.2;
T_10.1 ;
    %load/vec4 v0000000002843590_0;
    %assign/vec4 v0000000002844990_0, 0;
    %jmp T_10.2;
T_10.2 ;
    %pop/vec4 1;
    %jmp T_10;
    .thread T_10, $push;
    .scope S_00000000027b5b10;
T_11 ;
    %wait E_00000000027e2550;
    %load/vec4 v00000000028436d0_0;
    %dup/vec4;
    %pushi/vec4 0, 0, 2;
    %cmp/u;
    %jmp/1 T_11.0, 6;
    %dup/vec4;
    %pushi/vec4 1, 0, 2;
    %cmp/u;
    %jmp/1 T_11.1, 6;
    %dup/vec4;
    %pushi/vec4 2, 0, 2;
    %cmp/u;
    %jmp/1 T_11.2, 6;
    %dup/vec4;
    %pushi/vec4 3, 0, 2;
    %cmp/u;
    %jmp/1 T_11.3, 6;
    %jmp T_11.4;
T_11.0 ;
    %load/vec4 v0000000002843310_0;
    %assign/vec4 v0000000002843bd0_0, 0;
    %jmp T_11.4;
T_11.1 ;
    %load/vec4 v0000000002843770_0;
    %assign/vec4 v0000000002843bd0_0, 0;
    %jmp T_11.4;
T_11.2 ;
    %load/vec4 v0000000002843950_0;
    %assign/vec4 v0000000002843bd0_0, 0;
    %jmp T_11.4;
T_11.3 ;
    %load/vec4 v00000000028440d0_0;
    %assign/vec4 v0000000002843bd0_0, 0;
    %jmp T_11.4;
T_11.4 ;
    %pop/vec4 1;
    %jmp T_11;
    .thread T_11, $push;
# The file index is used to find the file name in the following table.
:file_names 5;
    "N/A";
    "<interactive>";
    "ALUinsandouts.v";
    "./Registers2.v";
    "./ALU.v";
