#! c:/iverilog-x64/bin/vvp
:ivl_version "10.1 (stable)" "(v10_1_1)";
:ivl_delay_selection "TYPICAL";
:vpi_time_precision + 0;
:vpi_module "system";
:vpi_module "vhdl_sys";
:vpi_module "v2005_math";
:vpi_module "va_math";
S_00000000010366a0 .scope module, "ram256x32" "ram256x32" 2 1;
 .timescale 0 0;
    .port_info 0 /OUTPUT 32 "DataOut"
    .port_info 1 /OUTPUT 1 "MOC"
    .port_info 2 /INPUT 1 "Enable"
    .port_info 3 /INPUT 1 "ReadWrite"
    .port_info 4 /INPUT 32 "Address"
    .port_info 5 /INPUT 32 "DataIn"
    .port_info 6 /INPUT 32 "IR"
    .port_info 7 /INPUT 1 "MOV"
    .port_info 8 /INPUT 1 "type"
o0000000000fa3b48 .functor BUFZ 32, C4<zzzzzzzzzzzzzzzzzzzzzzzzzzzzzzzz>; HiZ drive
v00000000010368c0_0 .net "Address", 31 0, o0000000000fa3b48;  0 drivers
o0000000000fa3b78 .functor BUFZ 32, C4<zzzzzzzzzzzzzzzzzzzzzzzzzzzzzzzz>; HiZ drive
v0000000001036960_0 .net "DataIn", 31 0, o0000000000fa3b78;  0 drivers
v0000000001036a00_0 .var "DataOut", 31 0;
o0000000000fa3bd8 .functor BUFZ 1, C4<z>; HiZ drive
v0000000000ff7410_0 .net "Enable", 0 0, o0000000000fa3bd8;  0 drivers
o0000000000fa3c08 .functor BUFZ 32, C4<zzzzzzzzzzzzzzzzzzzzzzzzzzzzzzzz>; HiZ drive
v0000000000ff74b0_0 .net "IR", 31 0, o0000000000fa3c08;  0 drivers
v0000000000ff7550_0 .var "MOC", 0 0;
o0000000000fa3c68 .functor BUFZ 1, C4<z>; HiZ drive
v0000000000ff75f0_0 .net "MOV", 0 0, o0000000000fa3c68;  0 drivers
v0000000000ff7690 .array "Mem", 0 1023, 7 0;
o0000000000fa3c98 .functor BUFZ 1, C4<z>; HiZ drive
v0000000000ff7730_0 .net "ReadWrite", 0 0, o0000000000fa3c98;  0 drivers
o0000000000fa3cc8 .functor BUFZ 1, C4<z>; HiZ drive
v0000000000ff77d0_0 .net "type", 0 0, o0000000000fa3cc8;  0 drivers
E_0000000000f9d260 .event edge, v0000000000ff77d0_0, v0000000000ff7730_0, v0000000000ff7410_0, v0000000000ff75f0_0;
    .scope S_00000000010366a0;
T_0 ;
    %wait E_0000000000f9d260;
    %pushi/vec4 0, 0, 1;
    %assign/vec4 v0000000000ff7550_0, 0;
    %load/vec4 v0000000000ff75f0_0;
    %flag_set/vec4 8;
    %jmp/0xz  T_0.0, 8;
    %pushi/vec4 1, 0, 1;
    %assign/vec4 v0000000000ff7550_0, 0;
    %load/vec4 v0000000000ff77d0_0;
    %flag_set/vec4 8;
    %jmp/0xz  T_0.2, 8;
    %load/vec4 v00000000010368c0_0;
    %pad/u 33;
    %addi 3, 0, 33;
    %ix/vec4 4;
    %load/vec4a v0000000000ff7690, 4;
    %ix/load 4, 0, 0;
    %ix/load 5, 0, 0;
    %flag_set/imm 4, 0;
    %assign/vec4/off/d v0000000001036a00_0, 4, 5;
    %load/vec4 v00000000010368c0_0;
    %pad/u 33;
    %addi 2, 0, 33;
    %ix/vec4 4;
    %load/vec4a v0000000000ff7690, 4;
    %ix/load 4, 8, 0;
    %ix/load 5, 0, 0;
    %flag_set/imm 4, 0;
    %assign/vec4/off/d v0000000001036a00_0, 4, 5;
    %load/vec4 v00000000010368c0_0;
    %pad/u 33;
    %addi 1, 0, 33;
    %ix/vec4 4;
    %load/vec4a v0000000000ff7690, 4;
    %ix/load 4, 16, 0;
    %ix/load 5, 0, 0;
    %flag_set/imm 4, 0;
    %assign/vec4/off/d v0000000001036a00_0, 4, 5;
    %load/vec4 v00000000010368c0_0;
    %pad/u 33;
    %addi 0, 0, 33;
    %ix/vec4 4;
    %load/vec4a v0000000000ff7690, 4;
    %ix/load 4, 24, 0;
    %ix/load 5, 0, 0;
    %flag_set/imm 4, 0;
    %assign/vec4/off/d v0000000001036a00_0, 4, 5;
    %jmp T_0.3;
T_0.2 ;
    %load/vec4 v0000000000ff7730_0;
    %flag_set/vec4 8;
    %jmp/0xz  T_0.4, 8;
    %load/vec4 v0000000000ff74b0_0;
    %parti/s 3, 25, 6;
    %nor/r;
    %flag_set/vec4 8;
    %load/vec4 v0000000000ff74b0_0;
    %parti/s 3, 25, 6;
    %cmpi/e 3, 0, 3;
    %flag_or 4, 8;
    %flag_mov 8, 4;
    %load/vec4 v0000000000ff74b0_0;
    %parti/s 3, 25, 6;
    %cmpi/e 2, 0, 3;
    %flag_or 4, 8;
    %jmp/0xz  T_0.6, 4;
    %load/vec4 v0000000000ff74b0_0;
    %parti/s 3, 25, 6;
    %dup/vec4;
    %pushi/vec4 0, 0, 3;
    %cmp/u;
    %jmp/1 T_0.8, 6;
    %dup/vec4;
    %pushi/vec4 3, 0, 3;
    %cmp/u;
    %jmp/1 T_0.9, 6;
    %dup/vec4;
    %pushi/vec4 2, 0, 3;
    %cmp/u;
    %jmp/1 T_0.10, 6;
    %load/vec4 v00000000010368c0_0;
    %pad/u 33;
    %addi 3, 0, 33;
    %ix/vec4 4;
    %load/vec4a v0000000000ff7690, 4;
    %ix/load 4, 0, 0;
    %ix/load 5, 0, 0;
    %flag_set/imm 4, 0;
    %assign/vec4/off/d v0000000001036a00_0, 4, 5;
    %load/vec4 v00000000010368c0_0;
    %pad/u 33;
    %addi 2, 0, 33;
    %ix/vec4 4;
    %load/vec4a v0000000000ff7690, 4;
    %ix/load 4, 8, 0;
    %ix/load 5, 0, 0;
    %flag_set/imm 4, 0;
    %assign/vec4/off/d v0000000001036a00_0, 4, 5;
    %load/vec4 v00000000010368c0_0;
    %pad/u 33;
    %addi 1, 0, 33;
    %ix/vec4 4;
    %load/vec4a v0000000000ff7690, 4;
    %ix/load 4, 16, 0;
    %ix/load 5, 0, 0;
    %flag_set/imm 4, 0;
    %assign/vec4/off/d v0000000001036a00_0, 4, 5;
    %load/vec4 v00000000010368c0_0;
    %pad/u 33;
    %addi 0, 0, 33;
    %ix/vec4 4;
    %load/vec4a v0000000000ff7690, 4;
    %ix/load 4, 24, 0;
    %ix/load 5, 0, 0;
    %flag_set/imm 4, 0;
    %assign/vec4/off/d v0000000001036a00_0, 4, 5;
    %jmp T_0.12;
T_0.8 ;
    %load/vec4 v0000000000ff74b0_0;
    %parti/s 1, 7, 4;
    %load/vec4 v0000000000ff74b0_0;
    %parti/s 1, 4, 4;
    %and;
    %flag_set/vec4 8;
    %jmp/0xz  T_0.13, 8;
    %load/vec4 v0000000000ff74b0_0;
    %parti/s 2, 5, 4;
    %dup/vec4;
    %pushi/vec4 0, 0, 2;
    %cmp/u;
    %jmp/1 T_0.15, 6;
    %dup/vec4;
    %pushi/vec4 1, 0, 2;
    %cmp/u;
    %jmp/1 T_0.16, 6;
    %dup/vec4;
    %pushi/vec4 2, 0, 2;
    %cmp/u;
    %jmp/1 T_0.17, 6;
    %dup/vec4;
    %pushi/vec4 3, 0, 2;
    %cmp/u;
    %jmp/1 T_0.18, 6;
    %jmp T_0.19;
T_0.15 ;
    %ix/getv 4, v00000000010368c0_0;
    %load/vec4a v0000000000ff7690, 4;
    %ix/load 4, 0, 0;
    %ix/load 5, 0, 0;
    %flag_set/imm 4, 0;
    %assign/vec4/off/d v0000000001036a00_0, 4, 5;
    %pushi/vec4 0, 0, 8;
    %ix/load 4, 8, 0;
    %ix/load 5, 0, 0;
    %flag_set/imm 4, 0;
    %assign/vec4/off/d v0000000001036a00_0, 4, 5;
    %pushi/vec4 0, 0, 8;
    %ix/load 4, 16, 0;
    %ix/load 5, 0, 0;
    %flag_set/imm 4, 0;
    %assign/vec4/off/d v0000000001036a00_0, 4, 5;
    %pushi/vec4 0, 0, 8;
    %ix/load 4, 24, 0;
    %ix/load 5, 0, 0;
    %flag_set/imm 4, 0;
    %assign/vec4/off/d v0000000001036a00_0, 4, 5;
    %jmp T_0.19;
T_0.16 ;
    %load/vec4 v00000000010368c0_0;
    %pad/u 33;
    %addi 1, 0, 33;
    %ix/vec4 4;
    %load/vec4a v0000000000ff7690, 4;
    %ix/load 4, 0, 0;
    %ix/load 5, 0, 0;
    %flag_set/imm 4, 0;
    %assign/vec4/off/d v0000000001036a00_0, 4, 5;
    %load/vec4 v00000000010368c0_0;
    %pad/u 33;
    %addi 0, 0, 33;
    %ix/vec4 4;
    %load/vec4a v0000000000ff7690, 4;
    %ix/load 4, 8, 0;
    %ix/load 5, 0, 0;
    %flag_set/imm 4, 0;
    %assign/vec4/off/d v0000000001036a00_0, 4, 5;
    %pushi/vec4 0, 0, 8;
    %ix/load 4, 16, 0;
    %ix/load 5, 0, 0;
    %flag_set/imm 4, 0;
    %assign/vec4/off/d v0000000001036a00_0, 4, 5;
    %pushi/vec4 0, 0, 8;
    %ix/load 4, 24, 0;
    %ix/load 5, 0, 0;
    %flag_set/imm 4, 0;
    %assign/vec4/off/d v0000000001036a00_0, 4, 5;
    %jmp T_0.19;
T_0.17 ;
    %load/vec4 v0000000000ff74b0_0;
    %parti/s 1, 20, 6;
    %flag_set/vec4 8;
    %jmp/0xz  T_0.20, 8;
    %load/vec4 v00000000010368c0_0;
    %pad/u 33;
    %addi 0, 0, 33;
    %ix/vec4 4;
    %load/vec4a v0000000000ff7690, 4;
    %ix/load 4, 0, 0;
    %ix/load 5, 0, 0;
    %flag_set/imm 4, 0;
    %assign/vec4/off/d v0000000001036a00_0, 4, 5;
    %pushi/vec4 0, 0, 8;
    %ix/load 4, 8, 0;
    %ix/load 5, 0, 0;
    %flag_set/imm 4, 0;
    %assign/vec4/off/d v0000000001036a00_0, 4, 5;
    %pushi/vec4 0, 0, 8;
    %ix/load 4, 16, 0;
    %ix/load 5, 0, 0;
    %flag_set/imm 4, 0;
    %assign/vec4/off/d v0000000001036a00_0, 4, 5;
    %pushi/vec4 0, 0, 8;
    %ix/load 4, 24, 0;
    %ix/load 5, 0, 0;
    %flag_set/imm 4, 0;
    %assign/vec4/off/d v0000000001036a00_0, 4, 5;
    %jmp T_0.21;
T_0.20 ;
    %load/vec4 v00000000010368c0_0;
    %pad/u 33;
    %addi 1, 0, 33;
    %ix/vec4 4;
    %load/vec4a v0000000000ff7690, 4;
    %ix/load 4, 0, 0;
    %ix/load 5, 0, 0;
    %flag_set/imm 4, 0;
    %assign/vec4/off/d v0000000001036a00_0, 4, 5;
    %load/vec4 v00000000010368c0_0;
    %pad/u 33;
    %addi 0, 0, 33;
    %ix/vec4 4;
    %load/vec4a v0000000000ff7690, 4;
    %ix/load 4, 8, 0;
    %ix/load 5, 0, 0;
    %flag_set/imm 4, 0;
    %assign/vec4/off/d v0000000001036a00_0, 4, 5;
    %pushi/vec4 0, 0, 8;
    %ix/load 4, 16, 0;
    %ix/load 5, 0, 0;
    %flag_set/imm 4, 0;
    %assign/vec4/off/d v0000000001036a00_0, 4, 5;
    %pushi/vec4 0, 0, 8;
    %ix/load 4, 24, 0;
    %ix/load 5, 0, 0;
    %flag_set/imm 4, 0;
    %assign/vec4/off/d v0000000001036a00_0, 4, 5;
T_0.21 ;
    %jmp T_0.19;
T_0.18 ;
    %load/vec4 v0000000000ff74b0_0;
    %parti/s 1, 20, 6;
    %flag_set/vec4 8;
    %jmp/0xz  T_0.22, 8;
    %load/vec4 v00000000010368c0_0;
    %pad/u 33;
    %addi 1, 0, 33;
    %ix/vec4 4;
    %load/vec4a v0000000000ff7690, 4;
    %ix/load 4, 0, 0;
    %ix/load 5, 0, 0;
    %flag_set/imm 4, 0;
    %assign/vec4/off/d v0000000001036a00_0, 4, 5;
    %load/vec4 v00000000010368c0_0;
    %pad/u 33;
    %addi 0, 0, 33;
    %ix/vec4 4;
    %load/vec4a v0000000000ff7690, 4;
    %ix/load 4, 8, 0;
    %ix/load 5, 0, 0;
    %flag_set/imm 4, 0;
    %assign/vec4/off/d v0000000001036a00_0, 4, 5;
    %pushi/vec4 0, 0, 8;
    %ix/load 4, 16, 0;
    %ix/load 5, 0, 0;
    %flag_set/imm 4, 0;
    %assign/vec4/off/d v0000000001036a00_0, 4, 5;
    %pushi/vec4 0, 0, 8;
    %ix/load 4, 24, 0;
    %ix/load 5, 0, 0;
    %flag_set/imm 4, 0;
    %assign/vec4/off/d v0000000001036a00_0, 4, 5;
T_0.22 ;
    %jmp T_0.19;
T_0.19 ;
    %pop/vec4 1;
    %jmp T_0.14;
T_0.13 ;
    %load/vec4 v00000000010368c0_0;
    %pad/u 33;
    %addi 3, 0, 33;
    %ix/vec4 4;
    %load/vec4a v0000000000ff7690, 4;
    %ix/load 4, 0, 0;
    %ix/load 5, 0, 0;
    %flag_set/imm 4, 0;
    %assign/vec4/off/d v0000000001036a00_0, 4, 5;
    %load/vec4 v00000000010368c0_0;
    %pad/u 33;
    %addi 2, 0, 33;
    %ix/vec4 4;
    %load/vec4a v0000000000ff7690, 4;
    %ix/load 4, 8, 0;
    %ix/load 5, 0, 0;
    %flag_set/imm 4, 0;
    %assign/vec4/off/d v0000000001036a00_0, 4, 5;
    %load/vec4 v00000000010368c0_0;
    %pad/u 33;
    %addi 1, 0, 33;
    %ix/vec4 4;
    %load/vec4a v0000000000ff7690, 4;
    %ix/load 4, 16, 0;
    %ix/load 5, 0, 0;
    %flag_set/imm 4, 0;
    %assign/vec4/off/d v0000000001036a00_0, 4, 5;
    %load/vec4 v00000000010368c0_0;
    %pad/u 33;
    %addi 0, 0, 33;
    %ix/vec4 4;
    %load/vec4a v0000000000ff7690, 4;
    %ix/load 4, 24, 0;
    %ix/load 5, 0, 0;
    %flag_set/imm 4, 0;
    %assign/vec4/off/d v0000000001036a00_0, 4, 5;
T_0.14 ;
    %jmp T_0.12;
T_0.9 ;
    %load/vec4 v0000000000ff74b0_0;
    %parti/s 2, 5, 4;
    %dup/vec4;
    %pushi/vec4 0, 0, 2;
    %cmp/u;
    %jmp/1 T_0.24, 6;
    %dup/vec4;
    %pushi/vec4 1, 0, 2;
    %cmp/u;
    %jmp/1 T_0.25, 6;
    %dup/vec4;
    %pushi/vec4 2, 0, 2;
    %cmp/u;
    %jmp/1 T_0.26, 6;
    %dup/vec4;
    %pushi/vec4 3, 0, 2;
    %cmp/u;
    %jmp/1 T_0.27, 6;
    %jmp T_0.28;
T_0.24 ;
    %ix/getv 4, v00000000010368c0_0;
    %load/vec4a v0000000000ff7690, 4;
    %ix/load 4, 0, 0;
    %ix/load 5, 0, 0;
    %flag_set/imm 4, 0;
    %assign/vec4/off/d v0000000001036a00_0, 4, 5;
    %pushi/vec4 0, 0, 8;
    %ix/load 4, 8, 0;
    %ix/load 5, 0, 0;
    %flag_set/imm 4, 0;
    %assign/vec4/off/d v0000000001036a00_0, 4, 5;
    %pushi/vec4 0, 0, 8;
    %ix/load 4, 16, 0;
    %ix/load 5, 0, 0;
    %flag_set/imm 4, 0;
    %assign/vec4/off/d v0000000001036a00_0, 4, 5;
    %pushi/vec4 0, 0, 8;
    %ix/load 4, 24, 0;
    %ix/load 5, 0, 0;
    %flag_set/imm 4, 0;
    %assign/vec4/off/d v0000000001036a00_0, 4, 5;
    %jmp T_0.28;
T_0.25 ;
    %load/vec4 v00000000010368c0_0;
    %pad/u 33;
    %addi 1, 0, 33;
    %ix/vec4 4;
    %load/vec4a v0000000000ff7690, 4;
    %ix/load 4, 0, 0;
    %ix/load 5, 0, 0;
    %flag_set/imm 4, 0;
    %assign/vec4/off/d v0000000001036a00_0, 4, 5;
    %load/vec4 v00000000010368c0_0;
    %pad/u 33;
    %addi 0, 0, 33;
    %ix/vec4 4;
    %load/vec4a v0000000000ff7690, 4;
    %ix/load 4, 8, 0;
    %ix/load 5, 0, 0;
    %flag_set/imm 4, 0;
    %assign/vec4/off/d v0000000001036a00_0, 4, 5;
    %pushi/vec4 0, 0, 8;
    %ix/load 4, 16, 0;
    %ix/load 5, 0, 0;
    %flag_set/imm 4, 0;
    %assign/vec4/off/d v0000000001036a00_0, 4, 5;
    %pushi/vec4 0, 0, 8;
    %ix/load 4, 24, 0;
    %ix/load 5, 0, 0;
    %flag_set/imm 4, 0;
    %assign/vec4/off/d v0000000001036a00_0, 4, 5;
    %jmp T_0.28;
T_0.26 ;
    %load/vec4 v0000000000ff74b0_0;
    %parti/s 1, 20, 6;
    %flag_set/vec4 8;
    %jmp/0xz  T_0.29, 8;
    %load/vec4 v00000000010368c0_0;
    %pad/u 33;
    %addi 0, 0, 33;
    %ix/vec4 4;
    %load/vec4a v0000000000ff7690, 4;
    %ix/load 4, 0, 0;
    %ix/load 5, 0, 0;
    %flag_set/imm 4, 0;
    %assign/vec4/off/d v0000000001036a00_0, 4, 5;
    %pushi/vec4 0, 0, 8;
    %ix/load 4, 8, 0;
    %ix/load 5, 0, 0;
    %flag_set/imm 4, 0;
    %assign/vec4/off/d v0000000001036a00_0, 4, 5;
    %pushi/vec4 0, 0, 8;
    %ix/load 4, 16, 0;
    %ix/load 5, 0, 0;
    %flag_set/imm 4, 0;
    %assign/vec4/off/d v0000000001036a00_0, 4, 5;
    %pushi/vec4 0, 0, 8;
    %ix/load 4, 24, 0;
    %ix/load 5, 0, 0;
    %flag_set/imm 4, 0;
    %assign/vec4/off/d v0000000001036a00_0, 4, 5;
    %jmp T_0.30;
T_0.29 ;
    %load/vec4 v00000000010368c0_0;
    %pad/u 33;
    %addi 1, 0, 33;
    %ix/vec4 4;
    %load/vec4a v0000000000ff7690, 4;
    %ix/load 4, 0, 0;
    %ix/load 5, 0, 0;
    %flag_set/imm 4, 0;
    %assign/vec4/off/d v0000000001036a00_0, 4, 5;
    %load/vec4 v00000000010368c0_0;
    %pad/u 33;
    %addi 0, 0, 33;
    %ix/vec4 4;
    %load/vec4a v0000000000ff7690, 4;
    %ix/load 4, 8, 0;
    %ix/load 5, 0, 0;
    %flag_set/imm 4, 0;
    %assign/vec4/off/d v0000000001036a00_0, 4, 5;
    %pushi/vec4 0, 0, 8;
    %ix/load 4, 16, 0;
    %ix/load 5, 0, 0;
    %flag_set/imm 4, 0;
    %assign/vec4/off/d v0000000001036a00_0, 4, 5;
    %pushi/vec4 0, 0, 8;
    %ix/load 4, 24, 0;
    %ix/load 5, 0, 0;
    %flag_set/imm 4, 0;
    %assign/vec4/off/d v0000000001036a00_0, 4, 5;
T_0.30 ;
    %jmp T_0.28;
T_0.27 ;
    %load/vec4 v0000000000ff74b0_0;
    %parti/s 1, 20, 6;
    %flag_set/vec4 8;
    %jmp/0xz  T_0.31, 8;
    %load/vec4 v00000000010368c0_0;
    %pad/u 33;
    %addi 1, 0, 33;
    %ix/vec4 4;
    %load/vec4a v0000000000ff7690, 4;
    %ix/load 4, 0, 0;
    %ix/load 5, 0, 0;
    %flag_set/imm 4, 0;
    %assign/vec4/off/d v0000000001036a00_0, 4, 5;
    %load/vec4 v00000000010368c0_0;
    %pad/u 33;
    %addi 0, 0, 33;
    %ix/vec4 4;
    %load/vec4a v0000000000ff7690, 4;
    %ix/load 4, 8, 0;
    %ix/load 5, 0, 0;
    %flag_set/imm 4, 0;
    %assign/vec4/off/d v0000000001036a00_0, 4, 5;
    %pushi/vec4 0, 0, 8;
    %ix/load 4, 16, 0;
    %ix/load 5, 0, 0;
    %flag_set/imm 4, 0;
    %assign/vec4/off/d v0000000001036a00_0, 4, 5;
    %pushi/vec4 0, 0, 8;
    %ix/load 4, 24, 0;
    %ix/load 5, 0, 0;
    %flag_set/imm 4, 0;
    %assign/vec4/off/d v0000000001036a00_0, 4, 5;
T_0.31 ;
    %jmp T_0.28;
T_0.28 ;
    %pop/vec4 1;
    %jmp T_0.12;
T_0.10 ;
    %load/vec4 v0000000000ff74b0_0;
    %parti/s 1, 22, 6;
    %flag_set/vec4 8;
    %jmp/0xz  T_0.33, 8;
    %load/vec4 v00000000010368c0_0;
    %pad/u 33;
    %addi 0, 0, 33;
    %ix/vec4 4;
    %load/vec4a v0000000000ff7690, 4;
    %ix/load 4, 0, 0;
    %ix/load 5, 0, 0;
    %flag_set/imm 4, 0;
    %assign/vec4/off/d v0000000001036a00_0, 4, 5;
    %pushi/vec4 0, 0, 8;
    %ix/load 4, 8, 0;
    %ix/load 5, 0, 0;
    %flag_set/imm 4, 0;
    %assign/vec4/off/d v0000000001036a00_0, 4, 5;
    %pushi/vec4 0, 0, 8;
    %ix/load 4, 16, 0;
    %ix/load 5, 0, 0;
    %flag_set/imm 4, 0;
    %assign/vec4/off/d v0000000001036a00_0, 4, 5;
    %pushi/vec4 0, 0, 8;
    %ix/load 4, 24, 0;
    %ix/load 5, 0, 0;
    %flag_set/imm 4, 0;
    %assign/vec4/off/d v0000000001036a00_0, 4, 5;
    %jmp T_0.34;
T_0.33 ;
    %load/vec4 v00000000010368c0_0;
    %pad/u 33;
    %addi 3, 0, 33;
    %ix/vec4 4;
    %load/vec4a v0000000000ff7690, 4;
    %ix/load 4, 0, 0;
    %ix/load 5, 0, 0;
    %flag_set/imm 4, 0;
    %assign/vec4/off/d v0000000001036a00_0, 4, 5;
    %load/vec4 v00000000010368c0_0;
    %pad/u 33;
    %addi 2, 0, 33;
    %ix/vec4 4;
    %load/vec4a v0000000000ff7690, 4;
    %ix/load 4, 8, 0;
    %ix/load 5, 0, 0;
    %flag_set/imm 4, 0;
    %assign/vec4/off/d v0000000001036a00_0, 4, 5;
    %load/vec4 v00000000010368c0_0;
    %pad/u 33;
    %addi 1, 0, 33;
    %ix/vec4 4;
    %load/vec4a v0000000000ff7690, 4;
    %ix/load 4, 16, 0;
    %ix/load 5, 0, 0;
    %flag_set/imm 4, 0;
    %assign/vec4/off/d v0000000001036a00_0, 4, 5;
    %load/vec4 v00000000010368c0_0;
    %pad/u 33;
    %addi 0, 0, 33;
    %ix/vec4 4;
    %load/vec4a v0000000000ff7690, 4;
    %ix/load 4, 24, 0;
    %ix/load 5, 0, 0;
    %flag_set/imm 4, 0;
    %assign/vec4/off/d v0000000001036a00_0, 4, 5;
T_0.34 ;
    %jmp T_0.12;
T_0.12 ;
    %pop/vec4 1;
    %jmp T_0.7;
T_0.6 ;
    %load/vec4 v00000000010368c0_0;
    %pad/u 33;
    %addi 3, 0, 33;
    %ix/vec4 4;
    %load/vec4a v0000000000ff7690, 4;
    %ix/load 4, 0, 0;
    %ix/load 5, 0, 0;
    %flag_set/imm 4, 0;
    %assign/vec4/off/d v0000000001036a00_0, 4, 5;
    %load/vec4 v00000000010368c0_0;
    %pad/u 33;
    %addi 2, 0, 33;
    %ix/vec4 4;
    %load/vec4a v0000000000ff7690, 4;
    %ix/load 4, 8, 0;
    %ix/load 5, 0, 0;
    %flag_set/imm 4, 0;
    %assign/vec4/off/d v0000000001036a00_0, 4, 5;
    %load/vec4 v00000000010368c0_0;
    %pad/u 33;
    %addi 1, 0, 33;
    %ix/vec4 4;
    %load/vec4a v0000000000ff7690, 4;
    %ix/load 4, 16, 0;
    %ix/load 5, 0, 0;
    %flag_set/imm 4, 0;
    %assign/vec4/off/d v0000000001036a00_0, 4, 5;
    %load/vec4 v00000000010368c0_0;
    %pad/u 33;
    %addi 0, 0, 33;
    %ix/vec4 4;
    %load/vec4a v0000000000ff7690, 4;
    %ix/load 4, 24, 0;
    %ix/load 5, 0, 0;
    %flag_set/imm 4, 0;
    %assign/vec4/off/d v0000000001036a00_0, 4, 5;
T_0.7 ;
    %jmp T_0.5;
T_0.4 ;
    %vpi_call 2 198 "$display", "Entering to store instruction" {0 0 0};
    %load/vec4 v0000000000ff74b0_0;
    %parti/s 3, 25, 6;
    %nor/r;
    %flag_set/vec4 8;
    %load/vec4 v0000000000ff74b0_0;
    %parti/s 3, 25, 6;
    %cmpi/e 3, 0, 3;
    %flag_or 4, 8;
    %flag_mov 8, 4;
    %load/vec4 v0000000000ff74b0_0;
    %parti/s 3, 25, 6;
    %cmpi/e 2, 0, 3;
    %flag_or 4, 8;
    %jmp/0xz  T_0.35, 4;
    %load/vec4 v0000000000ff74b0_0;
    %parti/s 3, 25, 6;
    %dup/vec4;
    %pushi/vec4 0, 0, 3;
    %cmp/u;
    %jmp/1 T_0.37, 6;
    %dup/vec4;
    %pushi/vec4 3, 0, 3;
    %cmp/u;
    %jmp/1 T_0.38, 6;
    %dup/vec4;
    %pushi/vec4 2, 0, 3;
    %cmp/u;
    %jmp/1 T_0.39, 6;
    %vpi_call 2 264 "$display", "Aqui 8" {0 0 0};
    %load/vec4 v0000000001036960_0;
    %parti/s 8, 24, 6;
    %load/vec4 v00000000010368c0_0;
    %pad/u 33;
    %addi 0, 0, 33;
    %ix/vec4 4;
    %store/vec4a v0000000000ff7690, 4, 0;
    %load/vec4 v0000000001036960_0;
    %parti/s 8, 16, 6;
    %load/vec4 v00000000010368c0_0;
    %pad/u 33;
    %addi 1, 0, 33;
    %ix/vec4 4;
    %store/vec4a v0000000000ff7690, 4, 0;
    %load/vec4 v0000000001036960_0;
    %parti/s 8, 8, 5;
    %load/vec4 v00000000010368c0_0;
    %pad/u 33;
    %addi 2, 0, 33;
    %ix/vec4 4;
    %store/vec4a v0000000000ff7690, 4, 0;
    %load/vec4 v0000000001036960_0;
    %parti/s 8, 0, 2;
    %load/vec4 v00000000010368c0_0;
    %pad/u 33;
    %addi 3, 0, 33;
    %ix/vec4 4;
    %store/vec4a v0000000000ff7690, 4, 0;
    %jmp T_0.41;
T_0.37 ;
    %load/vec4 v0000000000ff74b0_0;
    %parti/s 1, 7, 4;
    %load/vec4 v0000000000ff74b0_0;
    %parti/s 1, 4, 4;
    %and;
    %flag_set/vec4 8;
    %jmp/0xz  T_0.42, 8;
    %load/vec4 v0000000000ff74b0_0;
    %parti/s 1, 20, 6;
    %load/vec4 v0000000000ff74b0_0;
    %parti/s 1, 5, 4;
    %and;
    %flag_set/vec4 8;
    %jmp/0xz  T_0.44, 8;
    %load/vec4 v0000000000ff74b0_0;
    %parti/s 1, 6, 4;
    %flag_set/vec4 8;
    %jmp/0xz  T_0.46, 8;
    %vpi_call 2 206 "$display", "Aqui 1" {0 0 0};
    %jmp T_0.47;
T_0.46 ;
    %vpi_call 2 209 "$display", "Aqui 2" {0 0 0};
    %load/vec4 v0000000001036960_0;
    %parti/s 8, 8, 5;
    %load/vec4 v00000000010368c0_0;
    %pad/u 33;
    %addi 0, 0, 33;
    %ix/vec4 4;
    %store/vec4a v0000000000ff7690, 4, 0;
    %load/vec4 v0000000001036960_0;
    %parti/s 8, 0, 2;
    %load/vec4 v00000000010368c0_0;
    %pad/u 33;
    %addi 1, 0, 33;
    %ix/vec4 4;
    %store/vec4a v0000000000ff7690, 4, 0;
T_0.47 ;
T_0.44 ;
    %jmp T_0.43;
T_0.42 ;
    %vpi_call 2 216 "$display", "Aqui 3" {0 0 0};
T_0.43 ;
    %jmp T_0.41;
T_0.38 ;
    %load/vec4 v0000000000ff74b0_0;
    %parti/s 1, 20, 6;
    %load/vec4 v0000000000ff74b0_0;
    %parti/s 1, 5, 4;
    %and;
    %flag_set/vec4 8;
    %jmp/0xz  T_0.48, 8;
    %load/vec4 v0000000000ff74b0_0;
    %parti/s 1, 6, 4;
    %flag_set/vec4 8;
    %jmp/0xz  T_0.50, 8;
    %vpi_call 2 230 "$display", "Aqui 4" {0 0 0};
    %load/vec4 v0000000001036960_0;
    %parti/s 8, 24, 6;
    %load/vec4 v00000000010368c0_0;
    %pad/u 33;
    %addi 0, 0, 33;
    %ix/vec4 4;
    %store/vec4a v0000000000ff7690, 4, 0;
    %load/vec4 v0000000001036960_0;
    %parti/s 8, 16, 6;
    %load/vec4 v00000000010368c0_0;
    %pad/u 33;
    %addi 1, 0, 33;
    %ix/vec4 4;
    %store/vec4a v0000000000ff7690, 4, 0;
    %load/vec4 v0000000001036960_0;
    %parti/s 8, 8, 5;
    %load/vec4 v00000000010368c0_0;
    %pad/u 33;
    %addi 2, 0, 33;
    %ix/vec4 4;
    %store/vec4a v0000000000ff7690, 4, 0;
    %load/vec4 v0000000001036960_0;
    %parti/s 8, 0, 2;
    %load/vec4 v00000000010368c0_0;
    %pad/u 33;
    %addi 3, 0, 33;
    %ix/vec4 4;
    %store/vec4a v0000000000ff7690, 4, 0;
    %jmp T_0.51;
T_0.50 ;
    %vpi_call 2 237 "$display", "Aqui 5" {0 0 0};
    %load/vec4 v0000000001036960_0;
    %parti/s 8, 8, 5;
    %load/vec4 v00000000010368c0_0;
    %pad/u 33;
    %addi 0, 0, 33;
    %ix/vec4 4;
    %store/vec4a v0000000000ff7690, 4, 0;
    %load/vec4 v0000000001036960_0;
    %parti/s 8, 0, 2;
    %load/vec4 v00000000010368c0_0;
    %pad/u 33;
    %addi 1, 0, 33;
    %ix/vec4 4;
    %store/vec4a v0000000000ff7690, 4, 0;
    %load/vec4 v0000000001036960_0;
    %parti/s 8, 8, 5;
    %load/vec4 v00000000010368c0_0;
    %pad/u 33;
    %addi 2, 0, 33;
    %ix/vec4 4;
    %store/vec4a v0000000000ff7690, 4, 0;
    %load/vec4 v0000000001036960_0;
    %parti/s 8, 0, 2;
    %load/vec4 v00000000010368c0_0;
    %pad/u 33;
    %addi 3, 0, 33;
    %ix/vec4 4;
    %store/vec4a v0000000000ff7690, 4, 0;
T_0.51 ;
T_0.48 ;
    %jmp T_0.41;
T_0.39 ;
    %load/vec4 v0000000000ff74b0_0;
    %parti/s 1, 20, 6;
    %nor/r;
    %flag_set/vec4 8;
    %jmp/0xz  T_0.52, 8;
    %load/vec4 v0000000000ff74b0_0;
    %parti/s 1, 22, 6;
    %flag_set/vec4 8;
    %jmp/0xz  T_0.54, 8;
    %vpi_call 2 249 "$display", "Aqui 6" {0 0 0};
    %load/vec4 v0000000001036960_0;
    %parti/s 8, 0, 2;
    %load/vec4 v00000000010368c0_0;
    %pad/u 33;
    %addi 0, 0, 33;
    %ix/vec4 4;
    %store/vec4a v0000000000ff7690, 4, 0;
    %jmp T_0.55;
T_0.54 ;
    %vpi_call 2 253 "$display", "Aqui 7" {0 0 0};
    %load/vec4 v0000000001036960_0;
    %parti/s 8, 24, 6;
    %load/vec4 v00000000010368c0_0;
    %pad/u 33;
    %addi 0, 0, 33;
    %ix/vec4 4;
    %store/vec4a v0000000000ff7690, 4, 0;
    %load/vec4 v0000000001036960_0;
    %parti/s 8, 16, 6;
    %load/vec4 v00000000010368c0_0;
    %pad/u 33;
    %addi 1, 0, 33;
    %ix/vec4 4;
    %store/vec4a v0000000000ff7690, 4, 0;
    %load/vec4 v0000000001036960_0;
    %parti/s 8, 8, 5;
    %load/vec4 v00000000010368c0_0;
    %pad/u 33;
    %addi 2, 0, 33;
    %ix/vec4 4;
    %store/vec4a v0000000000ff7690, 4, 0;
    %load/vec4 v0000000001036960_0;
    %parti/s 8, 0, 2;
    %load/vec4 v00000000010368c0_0;
    %pad/u 33;
    %addi 3, 0, 33;
    %ix/vec4 4;
    %store/vec4a v0000000000ff7690, 4, 0;
T_0.55 ;
T_0.52 ;
    %jmp T_0.41;
T_0.41 ;
    %pop/vec4 1;
    %jmp T_0.36;
T_0.35 ;
    %vpi_call 2 275 "$display", "Aqui 9" {0 0 0};
    %load/vec4 v0000000001036960_0;
    %parti/s 8, 24, 6;
    %load/vec4 v00000000010368c0_0;
    %pad/u 33;
    %addi 0, 0, 33;
    %ix/vec4 4;
    %store/vec4a v0000000000ff7690, 4, 0;
    %load/vec4 v0000000001036960_0;
    %parti/s 8, 16, 6;
    %load/vec4 v00000000010368c0_0;
    %pad/u 33;
    %addi 1, 0, 33;
    %ix/vec4 4;
    %store/vec4a v0000000000ff7690, 4, 0;
    %load/vec4 v0000000001036960_0;
    %parti/s 8, 8, 5;
    %load/vec4 v00000000010368c0_0;
    %pad/u 33;
    %addi 2, 0, 33;
    %ix/vec4 4;
    %store/vec4a v0000000000ff7690, 4, 0;
    %load/vec4 v0000000001036960_0;
    %parti/s 8, 0, 2;
    %load/vec4 v00000000010368c0_0;
    %pad/u 33;
    %addi 3, 0, 33;
    %ix/vec4 4;
    %store/vec4a v0000000000ff7690, 4, 0;
T_0.36 ;
T_0.5 ;
T_0.3 ;
T_0.0 ;
    %jmp T_0;
    .thread T_0, $push;
# The file index is used to find the file name in the following table.
:file_names 3;
    "N/A";
    "<interactive>";
    "RAM.v";
