#! c:/iverilog-x64/bin/vvp
:ivl_version "10.1 (stable)" "(v10_1_1)";
:ivl_delay_selection "TYPICAL";
:vpi_time_precision + 0;
:vpi_module "system";
:vpi_module "vhdl_sys";
:vpi_module "v2005_math";
:vpi_module "va_math";
S_00000000009765d0 .scope module, "Shifter" "Shifter" 2 1;
 .timescale 0 0;
    .port_info 0 /OUTPUT 32 "operand"
    .port_info 1 /OUTPUT 1 "Cout"
    .port_info 2 /INPUT 1 "Cin"
    .port_info 3 /INPUT 32 "IR"
    .port_info 4 /INPUT 32 "Rm"
o0000000000875058 .functor BUFZ 1, C4<z>; HiZ drive
v0000000000873cc0_0 .net "Cin", 0 0, o0000000000875058;  0 drivers
v0000000000873d60_0 .var "Cout", 0 0;
o00000000008750b8 .functor BUFZ 32, C4<zzzzzzzzzzzzzzzzzzzzzzzzzzzzzzzz>; HiZ drive
v0000000000976750_0 .net "IR", 31 0, o00000000008750b8;  0 drivers
v00000000009767f0_0 .var "MSB", 0 0;
o0000000000875118 .functor BUFZ 32, C4<zzzzzzzzzzzzzzzzzzzzzzzzzzzzzzzz>; HiZ drive
v0000000000976890_0 .net "Rm", 31 0, o0000000000875118;  0 drivers
v0000000000976930_0 .var/i "index", 31 0;
v00000000008c7540_0 .var "operand", 31 0;
v00000000008c75e0_0 .var/i "positions", 31 0;
v00000000008c7680_0 .var/i "rotate_imm", 31 0;
v00000000008c7720_0 .var "temp", 31 0;
E_00000000008731e0 .event edge, v0000000000976890_0, v0000000000976750_0;
    .scope S_00000000009765d0;
T_0 ;
    %wait E_00000000008731e0;
    %vpi_call 2 9 "$display", "Entre al shifter!!!" {0 0 0};
    %load/vec4 v0000000000873cc0_0;
    %store/vec4 v0000000000873d60_0, 0, 1;
    %load/vec4 v0000000000976750_0;
    %parti/s 3, 25, 6;
    %dup/vec4;
    %pushi/vec4 0, 0, 3;
    %cmp/u;
    %jmp/1 T_0.0, 6;
    %dup/vec4;
    %pushi/vec4 1, 0, 3;
    %cmp/u;
    %jmp/1 T_0.1, 6;
    %dup/vec4;
    %pushi/vec4 2, 0, 3;
    %cmp/u;
    %jmp/1 T_0.2, 6;
    %dup/vec4;
    %pushi/vec4 5, 0, 3;
    %cmp/u;
    %jmp/1 T_0.3, 6;
    %vpi_call 2 115 "$display", "Default" {0 0 0};
    %jmp T_0.5;
T_0.0 ;
    %load/vec4 v0000000000976750_0;
    %parti/s 1, 4, 4;
    %pad/u 32;
    %cmpi/e 0, 0, 32;
    %jmp/0xz  T_0.6, 4;
    %vpi_call 2 15 "$display", "pimero 1" {0 0 0};
    %load/vec4 v0000000000976750_0;
    %parti/s 2, 5, 4;
    %dup/vec4;
    %pushi/vec4 0, 0, 2;
    %cmp/u;
    %jmp/1 T_0.8, 6;
    %dup/vec4;
    %pushi/vec4 1, 0, 2;
    %cmp/u;
    %jmp/1 T_0.9, 6;
    %dup/vec4;
    %pushi/vec4 2, 0, 2;
    %cmp/u;
    %jmp/1 T_0.10, 6;
    %dup/vec4;
    %pushi/vec4 3, 0, 2;
    %cmp/u;
    %jmp/1 T_0.11, 6;
    %jmp T_0.12;
T_0.8 ;
    %vpi_call 2 20 "$display", "pimero 3" {0 0 0};
    %load/vec4 v0000000000976750_0;
    %parti/s 5, 7, 4;
    %cmpi/e 0, 0, 5;
    %jmp/0xz  T_0.13, 4;
    %load/vec4 v0000000000976890_0;
    %store/vec4 v00000000008c7540_0, 0, 32;
    %jmp T_0.14;
T_0.13 ;
    %load/vec4 v0000000000976750_0;
    %parti/s 5, 7, 4;
    %pad/u 32;
    %store/vec4 v00000000008c75e0_0, 0, 32;
    %load/vec4 v0000000000976890_0;
    %store/vec4 v00000000008c7720_0, 0, 32;
    %pushi/vec4 0, 0, 32;
    %store/vec4 v0000000000976930_0, 0, 32;
T_0.15 ;
    %load/vec4 v0000000000976930_0;
    %load/vec4 v00000000008c75e0_0;
    %cmp/s;
    %jmp/0xz T_0.16, 5;
    %load/vec4 v00000000008c7720_0;
    %ix/load 4, 1, 0;
    %flag_set/imm 4, 0;
    %shiftl 4;
    %store/vec4 v00000000008c7540_0, 0, 32;
    %load/vec4 v0000000000976930_0;
    %addi 1, 0, 32;
    %store/vec4 v0000000000976930_0, 0, 32;
    %jmp T_0.15;
T_0.16 ;
    %load/vec4 v0000000000976750_0;
    %parti/s 1, 20, 6;
    %cmpi/e 1, 0, 1;
    %flag_mov 8, 4;
    %jmp/0 T_0.17, 8;
    %load/vec4 v00000000008c7540_0;
    %parti/s 1, 31, 6;
    %jmp/1 T_0.18, 8;
T_0.17 ; End of true expr.
    %load/vec4 v0000000000873cc0_0;
    %jmp/0 T_0.18, 8;
 ; End of false expr.
    %blend;
T_0.18;
    %store/vec4 v0000000000873d60_0, 0, 1;
T_0.14 ;
    %jmp T_0.12;
T_0.9 ;
    %vpi_call 2 35 "$display", "Entro correctamente" {0 0 0};
    %load/vec4 v0000000000976750_0;
    %parti/s 5, 7, 4;
    %pad/u 32;
    %store/vec4 v00000000008c75e0_0, 0, 32;
    %load/vec4 v0000000000976890_0;
    %store/vec4 v00000000008c7720_0, 0, 32;
    %pushi/vec4 0, 0, 32;
    %store/vec4 v0000000000976930_0, 0, 32;
T_0.19 ;
    %load/vec4 v0000000000976930_0;
    %load/vec4 v00000000008c75e0_0;
    %cmp/s;
    %jmp/0xz T_0.20, 5;
    %load/vec4 v00000000008c7720_0;
    %ix/load 4, 1, 0;
    %flag_set/imm 4, 0;
    %shiftr 4;
    %store/vec4 v00000000008c7720_0, 0, 32;
    %load/vec4 v0000000000976930_0;
    %addi 1, 0, 32;
    %store/vec4 v0000000000976930_0, 0, 32;
    %jmp T_0.19;
T_0.20 ;
    %load/vec4 v0000000000976750_0;
    %parti/s 1, 20, 6;
    %cmpi/e 1, 0, 1;
    %flag_mov 8, 4;
    %jmp/0 T_0.21, 8;
    %load/vec4 v00000000008c7720_0;
    %parti/s 1, 31, 6;
    %jmp/1 T_0.22, 8;
T_0.21 ; End of true expr.
    %load/vec4 v0000000000873cc0_0;
    %jmp/0 T_0.22, 8;
 ; End of false expr.
    %blend;
T_0.22;
    %store/vec4 v0000000000873d60_0, 0, 1;
    %load/vec4 v00000000008c7720_0;
    %store/vec4 v00000000008c7540_0, 0, 32;
    %jmp T_0.12;
T_0.10 ;
    %load/vec4 v0000000000976750_0;
    %parti/s 5, 7, 4;
    %pad/u 32;
    %store/vec4 v00000000008c75e0_0, 0, 32;
    %load/vec4 v0000000000976890_0;
    %store/vec4 v00000000008c7720_0, 0, 32;
    %pushi/vec4 0, 0, 32;
    %store/vec4 v0000000000976930_0, 0, 32;
T_0.23 ;
    %load/vec4 v0000000000976930_0;
    %load/vec4 v00000000008c75e0_0;
    %cmp/s;
    %jmp/0xz T_0.24, 5;
    %load/vec4 v00000000008c7720_0;
    %ix/load 4, 1, 0;
    %flag_set/imm 4, 0;
    %shiftr 4;
    %store/vec4 v00000000008c7720_0, 0, 32;
    %load/vec4 v0000000000976930_0;
    %addi 1, 0, 32;
    %store/vec4 v0000000000976930_0, 0, 32;
    %jmp T_0.23;
T_0.24 ;
    %load/vec4 v0000000000976750_0;
    %parti/s 1, 20, 6;
    %cmpi/e 1, 0, 1;
    %flag_mov 8, 4;
    %jmp/0 T_0.25, 8;
    %load/vec4 v00000000008c7720_0;
    %parti/s 1, 31, 6;
    %jmp/1 T_0.26, 8;
T_0.25 ; End of true expr.
    %load/vec4 v0000000000873cc0_0;
    %jmp/0 T_0.26, 8;
 ; End of false expr.
    %blend;
T_0.26;
    %store/vec4 v0000000000873d60_0, 0, 1;
    %load/vec4 v00000000008c7720_0;
    %store/vec4 v00000000008c7540_0, 0, 32;
    %jmp T_0.12;
T_0.11 ;
    %vpi_call 2 56 "$display", "pimero 4" {0 0 0};
    %load/vec4 v0000000000976750_0;
    %parti/s 5, 7, 4;
    %cmpi/e 0, 0, 5;
    %jmp/0xz  T_0.27, 4;
    %load/vec4 v0000000000976890_0;
    %store/vec4 v00000000008c7720_0, 0, 32;
    %load/vec4 v00000000008c7720_0;
    %ix/load 4, 1, 0;
    %flag_set/imm 4, 0;
    %shiftr 4;
    %store/vec4 v00000000008c7720_0, 0, 32;
    %load/vec4 v0000000000873cc0_0;
    %ix/load 4, 31, 0;
    %flag_set/imm 4, 0;
    %store/vec4 v00000000008c7720_0, 4, 1;
    %jmp T_0.28;
T_0.27 ;
    %vpi_call 2 64 "$display", "Entro a ROR" {0 0 0};
    %load/vec4 v0000000000976890_0;
    %store/vec4 v00000000008c7720_0, 0, 32;
    %load/vec4 v0000000000976750_0;
    %parti/s 5, 7, 4;
    %pad/u 32;
    %store/vec4 v00000000008c75e0_0, 0, 32;
    %pushi/vec4 0, 0, 32;
    %store/vec4 v0000000000976930_0, 0, 32;
T_0.29 ;
    %load/vec4 v0000000000976930_0;
    %load/vec4 v00000000008c75e0_0;
    %cmp/s;
    %jmp/0xz T_0.30, 5;
    %load/vec4 v00000000008c7720_0;
    %parti/s 1, 0, 2;
    %store/vec4 v00000000009767f0_0, 0, 1;
    %load/vec4 v00000000008c7720_0;
    %ix/load 4, 1, 0;
    %flag_set/imm 4, 0;
    %shiftr 4;
    %store/vec4 v00000000008c7720_0, 0, 32;
    %load/vec4 v00000000009767f0_0;
    %ix/load 4, 31, 0;
    %flag_set/imm 4, 0;
    %store/vec4 v00000000008c7720_0, 4, 1;
    %load/vec4 v0000000000976930_0;
    %addi 1, 0, 32;
    %store/vec4 v0000000000976930_0, 0, 32;
    %jmp T_0.29;
T_0.30 ;
    %load/vec4 v0000000000976750_0;
    %parti/s 1, 20, 6;
    %cmpi/e 1, 0, 1;
    %flag_mov 8, 4;
    %jmp/0 T_0.31, 8;
    %load/vec4 v00000000008c7720_0;
    %parti/s 1, 31, 6;
    %jmp/1 T_0.32, 8;
T_0.31 ; End of true expr.
    %load/vec4 v0000000000873cc0_0;
    %jmp/0 T_0.32, 8;
 ; End of false expr.
    %blend;
T_0.32;
    %store/vec4 v0000000000873d60_0, 0, 1;
    %load/vec4 v00000000008c7720_0;
    %store/vec4 v00000000008c7540_0, 0, 32;
T_0.28 ;
    %jmp T_0.12;
T_0.12 ;
    %pop/vec4 1;
T_0.6 ;
    %load/vec4 v0000000000976750_0;
    %parti/s 1, 4, 4;
    %pad/u 32;
    %pushi/vec4 1, 0, 32;
    %cmp/e;
    %flag_get/vec4 4;
    %load/vec4 v0000000000976750_0;
    %parti/s 1, 7, 4;
    %pad/u 32;
    %pushi/vec4 1, 0, 32;
    %cmp/e;
    %flag_get/vec4 4;
    %and;
    %flag_set/vec4 8;
    %jmp/0xz  T_0.33, 8;
    %pushi/vec4 0, 0, 1;
    %load/vec4 v0000000000976750_0;
    %parti/s 4, 0, 2;
    %pushi/vec4 0, 0, 4;
    %cmp/e;
    %flag_get/vec4 4;
    %inv;
    %or;
    %pad/u 32;
    %store/vec4 v00000000008c7720_0, 0, 32;
T_0.33 ;
    %jmp T_0.5;
T_0.1 ;
    %pushi/vec4 0, 0, 32;
    %store/vec4 v00000000008c7720_0, 0, 32;
    %load/vec4 v0000000000976750_0;
    %parti/s 8, 0, 2;
    %ix/load 4, 0, 0;
    %flag_set/imm 4, 0;
    %store/vec4 v00000000008c7720_0, 4, 8;
    %load/vec4 v0000000000976750_0;
    %parti/s 4, 8, 5;
    %pad/u 32;
    %store/vec4 v00000000008c7680_0, 0, 32;
    %load/vec4 v00000000008c7680_0;
    %muli 2, 0, 32;
    %store/vec4 v00000000008c75e0_0, 0, 32;
    %pushi/vec4 0, 0, 32;
    %store/vec4 v0000000000976930_0, 0, 32;
T_0.35 ;
    %load/vec4 v0000000000976930_0;
    %load/vec4 v00000000008c75e0_0;
    %cmp/s;
    %jmp/0xz T_0.36, 5;
    %load/vec4 v00000000008c7720_0;
    %parti/s 1, 0, 2;
    %store/vec4 v00000000009767f0_0, 0, 1;
    %load/vec4 v00000000008c7720_0;
    %ix/load 4, 1, 0;
    %flag_set/imm 4, 0;
    %shiftr 4;
    %store/vec4 v00000000008c7720_0, 0, 32;
    %load/vec4 v00000000009767f0_0;
    %ix/load 4, 31, 0;
    %flag_set/imm 4, 0;
    %store/vec4 v00000000008c7720_0, 4, 1;
    %load/vec4 v0000000000976930_0;
    %addi 1, 0, 32;
    %store/vec4 v0000000000976930_0, 0, 32;
    %jmp T_0.35;
T_0.36 ;
    %load/vec4 v0000000000976750_0;
    %parti/s 1, 20, 6;
    %pad/u 32;
    %cmpi/e 1, 0, 32;
    %flag_mov 8, 4;
    %jmp/0 T_0.37, 8;
    %load/vec4 v00000000008c7720_0;
    %parti/s 1, 31, 6;
    %jmp/1 T_0.38, 8;
T_0.37 ; End of true expr.
    %load/vec4 v0000000000873cc0_0;
    %jmp/0 T_0.38, 8;
 ; End of false expr.
    %blend;
T_0.38;
    %store/vec4 v0000000000873d60_0, 0, 1;
    %load/vec4 v00000000008c7720_0;
    %store/vec4 v00000000008c7540_0, 0, 32;
    %jmp T_0.5;
T_0.2 ;
    %pushi/vec4 0, 0, 32;
    %store/vec4 v00000000008c7720_0, 0, 32;
    %load/vec4 v0000000000976750_0;
    %parti/s 12, 0, 2;
    %ix/load 4, 0, 0;
    %flag_set/imm 4, 0;
    %store/vec4 v00000000008c7720_0, 4, 12;
    %load/vec4 v00000000008c7720_0;
    %store/vec4 v00000000008c7540_0, 0, 32;
    %vpi_call 2 106 "$display", "Immediate offset" {0 0 0};
    %jmp T_0.5;
T_0.3 ;
    %load/vec4 v0000000000976750_0;
    %parti/s 1, 23, 6;
    %replicate 6;
    %load/vec4 v0000000000976750_0;
    %parti/s 24, 0, 2;
    %concat/vec4; draw_concat_vec4
    %pad/u 33;
    %ix/load 4, 2, 0;
    %flag_set/imm 4, 0;
    %shiftl 4;
    %split/vec4 32;
    %store/vec4 v00000000008c7540_0, 0, 32;
    %store/vec4 v0000000000873d60_0, 0, 1;
    %vpi_call 2 111 "$display", "Branch" {0 0 0};
    %jmp T_0.5;
T_0.5 ;
    %pop/vec4 1;
    %jmp T_0;
    .thread T_0, $push;
# The file index is used to find the file name in the following table.
:file_names 3;
    "N/A";
    "<interactive>";
    "ShiftandSignExtender.v";
